<?xml version="1.0" encoding="UTF-8"?>
<testng-results skipped="0" failed="0" total="2" passed="2">
  <reporter-output>
  </reporter-output>
  <suite name="AkamaiTests" duration-ms="27013" started-at="2017-08-06T06:59:01Z" finished-at="2017-08-06T06:59:28Z">
    <groups>
    </groups>
    <test name="SimpleScenario" duration-ms="27013" started-at="2017-08-06T06:59:01Z" finished-at="2017-08-06T06:59:28Z">
      <class name="AkamaiTests">
        <test-method status="PASS" signature="preparation()[pri:0, instance:AkamaiTests@5315b42e]" name="preparation" is-config="true" duration-ms="3206" started-at="2017-08-06T08:59:01Z" finished-at="2017-08-06T08:59:05Z">
          <reporter-output>
          </reporter-output>
        </test-method> <!-- preparation -->
        <test-method status="PASS" signature="PositiveSearchForAJobTest()[pri:0, instance:AkamaiTests@5315b42e]" name="PositiveSearchForAJobTest" duration-ms="11080" started-at="2017-08-06T08:59:05Z" finished-at="2017-08-06T08:59:16Z">
          <reporter-output>
          </reporter-output>
        </test-method> <!-- PositiveSearchForAJobTest -->
        <test-method status="PASS" signature="cleanUP()[pri:0, instance:AkamaiTests@5315b42e]" name="cleanUP" is-config="true" duration-ms="227" started-at="2017-08-06T08:59:16Z" finished-at="2017-08-06T08:59:16Z">
          <reporter-output>
          </reporter-output>
        </test-method> <!-- cleanUP -->
        <test-method status="PASS" signature="preparation()[pri:0, instance:AkamaiTests@5315b42e]" name="preparation" is-config="true" duration-ms="2691" started-at="2017-08-06T08:59:16Z" finished-at="2017-08-06T08:59:19Z">
          <reporter-output>
          </reporter-output>
        </test-method> <!-- preparation -->
        <test-method status="PASS" signature="NegativeSearchForAJobTest()[pri:0, instance:AkamaiTests@5315b42e]" name="NegativeSearchForAJobTest" duration-ms="9611" started-at="2017-08-06T08:59:19Z" finished-at="2017-08-06T08:59:28Z">
          <reporter-output>
          </reporter-output>
        </test-method> <!-- NegativeSearchForAJobTest -->
        <test-method status="PASS" signature="cleanUP()[pri:0, instance:AkamaiTests@5315b42e]" name="cleanUP" is-config="true" duration-ms="184" started-at="2017-08-06T08:59:28Z" finished-at="2017-08-06T08:59:28Z">
          <reporter-output>
          </reporter-output>
        </test-method> <!-- cleanUP -->
      </class> <!-- AkamaiTests -->
    </test> <!-- SimpleScenario -->
  </suite> <!-- AkamaiTests -->
</testng-results>
